<?xml version="1.0" encoding="UTF-8"?>
<!-- Generated by org.testng.reporters.JUnitXMLReporter -->
<testsuite ignored="2" hostname="Susanta" failures="0" tests="4" name="Test" time="55.2" errors="0" timestamp="2023-12-13T15:17:28 IST">
  <testcase classname="bike.bike1" name="r15" time="4.677"/>
  <testcase classname="bike.bike2" name="royalenfield" time="27.834"/>
  <testcase classname="car.car3" name="kia" time="18.12"/>
  <testcase classname="car.car1" name="audi" time="4.511"/>
  <testcase classname="car.car2" name="maruti" time="0.0">
    <ignored/>
  </testcase> <!-- maruti -->
  <testcase classname="bike.bike3" name="honda" time="0.0">
    <ignored/>
  </testcase> <!-- honda -->
</testsuite> <!-- Test -->
